<?xml version="1.0" encoding="UTF-8"?>
<!-- Generated by org.testng.reporters.JUnitReportReporter -->
<testsuite hostname="Chandranis-MacBook-Air.local" failures="0" tests="1" name="ElPais.Assignment.scrapeArticles" time="59.111" errors="0" timestamp="2024-12-30T11:47:18 IST" skipped="0">
  <testcase classname="ElPais.Assignment.scrapeArticles" name="articles" time="59.111"/>
</testsuite> <!-- ElPais.Assignment.scrapeArticles -->
