<?xml version="1.0" encoding="UTF-8"?>
<!-- Generated by org.testng.reporters.JUnitReportReporter -->
<testsuite hostname="Chandranis-MacBook-Air.local" failures="0" tests="1" name="ElPais.Assignment.scrapeArticles" time="7.015" errors="0" timestamp="2024-12-30T00:17:49 IST" skipped="0">
  <testcase classname="ElPais.Assignment.scrapeArticles" name="articles" time="7.015"/>
</testsuite> <!-- ElPais.Assignment.scrapeArticles -->
